 INFO app: ~~> Entering request
 INFO app: <~~ Exiting request
 INFO app: ~~> Entering request
 INFO app: <~~ Exiting request
[
[
[
[
[INFO] 2013-08-14 15:20:01 :: ~~> Entering request
[INFO] 2013-08-14 15:20:01 :: <~~ Exiting request
[INFO] 2013-08-14 15:20:02 :: ~~> Entering request
[INFO] 2013-08-14 15:20:02 :: <~~ Exiting request
[INFO] 2013-08-14 15:25:31 :: ~~> Entering request
[INFO] 2013-08-14 15:25:31 :: <~~ Exiting request
[INFO] 2013-08-14 15:25:32 :: ~~> Entering request
[INFO] 2013-08-14 15:25:32 :: <~~ Exiting request
[INFO] 2013-08-14 15:25:39 :: ~~> Entering request
[INFO] 2013-08-14 15:25:39 :: <~~ Exiting request
[INFO] 2013-08-14 15:25:39 :: ~~> Entering request
[INFO] 2013-08-14 15:25:39 :: <~~ Exiting request
[INFO] 2013-08-14 15:25:43 :: ~~> Entering request
[INFO] 2013-08-14 15:25:43 :: <~~ Exiting request
[INFO] 2013-08-14 15:25:43 :: ~~> Entering request
[INFO] 2013-08-14 15:25:43 :: <~~ Exiting request
[INFO] 2013-08-14 15:25:49 :: ~~> Entering request
[INFO] 2013-08-14 15:25:49 :: <~~ Exiting request
[INFO] 2013-08-14 15:25:50 :: ~~> Entering request
[INFO] 2013-08-14 15:25:50 :: <~~ Exiting request
[INFO] 2013-08-14 15:25:51 :: ~~> Entering request
[INFO] 2013-08-14 15:25:51 :: <~~ Exiting request
[INFO] 2013-08-14 15:44:16 :: ~~> Entering request
[INFO] 2013-08-14 15:44:16 :: <~~ Exiting request
[INFO] 2013-08-14 15:44:16 :: ~~> Entering request
[INFO] 2013-08-14 15:44:16 :: <~~ Exiting request
[INFO] 2013-08-14 15:44:29 :: ~~> Entering request
[INFO] 2013-08-14 15:44:29 :: <~~ Exiting request
[INFO] 2013-08-14 15:44:30 :: ~~> Entering request
[INFO] 2013-08-14 15:44:30 :: <~~ Exiting request
[INFO] 2013-08-14 15:44:33 :: ~~> Entering request
[INFO] 2013-08-14 15:44:33 :: <~~ Exiting request
[INFO] 2013-08-14 15:48:59 :: ~~> Entering request
[INFO] 2013-08-14 15:48:59 :: <~~ Exiting request
[INFO] 2013-08-14 15:48:59 :: ~~> Entering request
[INFO] 2013-08-14 15:48:59 :: <~~ Exiting request
[INFO] 2013-08-14 15:49:02 :: ~~> Entering request
[INFO] 2013-08-14 15:49:02 :: <~~ Exiting request
[INFO] 2013-08-14 15:49:02 :: ~~> Entering request
[INFO] 2013-08-14 15:49:02 :: <~~ Exiting request
[INFO] 2013-08-14 15:49:02 :: ~~> Entering request
[INFO] 2013-08-14 15:49:02 :: <~~ Exiting request
[INFO] 2013-08-14 15:49:17 :: ~~> Entering request
[INFO] 2013-08-14 15:49:17 :: <~~ Exiting request
[INFO] 2013-08-14 15:49:17 :: ~~> Entering request
[INFO] 2013-08-14 15:49:17 :: <~~ Exiting request
[INFO] 2013-08-14 15:49:21 :: ~~> Entering request
[INFO] 2013-08-14 15:49:21 :: <~~ Exiting request
[INFO] 2013-08-14 15:49:22 :: ~~> Entering request
[INFO] 2013-08-14 15:49:22 :: <~~ Exiting request
[INFO] 2013-08-14 15:49:22 :: ~~> Entering request
[INFO] 2013-08-14 15:49:22 :: <~~ Exiting request
[INFO] 2013-08-14 15:49:22 :: ~~> Entering request
[INFO] 2013-08-14 15:49:22 :: <~~ Exiting request
[INFO] 2013-08-14 15:49:26 :: ~~> Entering request
[INFO] 2013-08-14 15:49:26 :: <~~ Exiting request
[INFO] 2013-08-14 15:49:27 :: ~~> Entering request
[INFO] 2013-08-14 15:49:27 :: <~~ Exiting request
[INFO] 2013-08-14 15:53:09 :: ~~> Entering request
[INFO] 2013-08-14 15:53:09 :: <~~ Exiting request
[INFO] 2013-08-14 15:53:09 :: ~~> Entering request
[INFO] 2013-08-14 15:53:09 :: <~~ Exiting request
[INFO] 2013-08-14 15:53:09 :: ~~> Entering request
[INFO] 2013-08-14 15:53:09 :: <~~ Exiting request
[INFO] 2013-08-14 15:53:54 :: ~~> Entering request
[INFO] 2013-08-14 15:53:54 :: <~~ Exiting request
[INFO] 2013-08-14 15:53:54 :: ~~> Entering request
[INFO] 2013-08-14 15:53:54 :: <~~ Exiting request
[INFO] 2013-08-14 15:53:54 :: ~~> Entering request
[INFO] 2013-08-14 15:53:54 :: <~~ Exiting request
[INFO] 2013-08-14 15:54:45 :: ~~> Entering request
[INFO] 2013-08-14 15:54:46 :: <~~ Exiting request
[INFO] 2013-08-14 15:54:46 :: ~~> Entering request
[INFO] 2013-08-14 15:54:46 :: <~~ Exiting request
[INFO] 2013-08-14 15:54:46 :: ~~> Entering request
[INFO] 2013-08-14 15:54:46 :: <~~ Exiting request
[INFO] 2013-08-14 15:54:47 :: ~~> Entering request
[INFO] 2013-08-14 15:54:47 :: <~~ Exiting request
[INFO] 2013-08-14 15:54:48 :: ~~> Entering request
[INFO] 2013-08-14 15:54:48 :: <~~ Exiting request
[INFO] 2013-08-14 15:54:48 :: ~~> Entering request
[INFO] 2013-08-14 15:54:48 :: <~~ Exiting request
[INFO] 2013-08-14 15:55:16 :: ~~> Entering request
[INFO] 2013-08-14 15:55:16 :: <~~ Exiting request
[INFO] 2013-08-14 15:55:16 :: ~~> Entering request
[INFO] 2013-08-14 15:55:17 :: <~~ Exiting request
[INFO] 2013-08-14 15:55:17 :: ~~> Entering request
[INFO] 2013-08-14 15:55:17 :: <~~ Exiting request
[INFO] 2013-08-14 15:55:17 :: ~~> Entering request
[INFO] 2013-08-14 15:55:17 :: <~~ Exiting request
[INFO] 2013-08-14 15:55:19 :: ~~> Entering request
[INFO] 2013-08-14 15:55:19 :: <~~ Exiting request
[INFO] 2013-08-14 15:55:19 :: ~~> Entering request
[INFO] 2013-08-14 15:55:19 :: <~~ Exiting request
[INFO] 2013-08-14 15:55:49 :: ~~> Entering request
[INFO] 2013-08-14 15:55:49 :: <~~ Exiting request
[INFO] 2013-08-14 15:55:49 :: ~~> Entering request
[INFO] 2013-08-14 15:55:49 :: <~~ Exiting request
[INFO] 2013-08-14 15:55:50 :: ~~> Entering request
[INFO] 2013-08-14 15:55:50 :: <~~ Exiting request
[INFO] 2013-08-14 15:55:50 :: ~~> Entering request
[INFO] 2013-08-14 15:55:50 :: <~~ Exiting request
[INFO] 2013-08-14 15:55:53 :: ~~> Entering request
[INFO] 2013-08-14 15:55:53 :: <~~ Exiting request
[INFO] 2013-08-14 15:55:53 :: ~~> Entering request
[INFO] 2013-08-14 15:55:53 :: <~~ Exiting request
[INFO] 2013-08-14 15:55:53 :: ~~> Entering request
[INFO] 2013-08-14 15:55:53 :: <~~ Exiting request
[INFO] 2013-08-14 15:56:34 :: ~~> Entering request
[INFO] 2013-08-14 15:56:34 :: <~~ Exiting request
[INFO] 2013-08-14 15:56:34 :: ~~> Entering request
[INFO] 2013-08-14 15:56:34 :: <~~ Exiting request
[INFO] 2013-08-14 15:56:34 :: ~~> Entering request
[INFO] 2013-08-14 15:56:34 :: <~~ Exiting request
[INFO] 2013-08-14 15:56:36 :: ~~> Entering request
[INFO] 2013-08-14 15:56:36 :: <~~ Exiting request
